<?xml version="1.0" encoding="UTF-8"?>
<testsuites>
	<testsuite tests="0" failures="0" time="0.000000" name="github.com/vulogov/TSAK2/cmd/tsak2">
		<properties>
			<property name="go.version" value="go1.16 darwin/amd64"></property>
		</properties>
	</testsuite>
	<testsuite tests="0" failures="0" time="0.000000" name="github.com/vulogov/TSAK2/internal/banner">
		<properties>
			<property name="go.version" value="go1.16 darwin/amd64"></property>
		</properties>
	</testsuite>
	<testsuite tests="0" failures="0" time="0.000000" name="github.com/vulogov/TSAK2/internal/conf">
		<properties>
			<property name="go.version" value="go1.16 darwin/amd64"></property>
		</properties>
	</testsuite>
	<testsuite tests="0" failures="0" time="0.000000" name="github.com/vulogov/TSAK2/internal/dsl">
		<properties>
			<property name="go.version" value="go1.16 darwin/amd64"></property>
		</properties>
	</testsuite>
	<testsuite tests="0" failures="0" time="0.000000" name="github.com/vulogov/TSAK2/internal/log">
		<properties>
			<property name="go.version" value="go1.16 darwin/amd64"></property>
		</properties>
	</testsuite>
	<testsuite tests="0" failures="0" time="0.000000" name="github.com/vulogov/TSAK2/internal/signal">
		<properties>
			<property name="go.version" value="go1.16 darwin/amd64"></property>
		</properties>
	</testsuite>
	<testsuite tests="0" failures="0" time="0.000000" name="github.com/vulogov/TSAK2/internal/tsak">
		<properties>
			<property name="go.version" value="go1.16 darwin/amd64"></property>
		</properties>
	</testsuite>
</testsuites>